\BOOKMARK [1][-]{section.1}{\376\377\000L\000e\000z\000i\000o\000n\000e\000\040\0001\000-\0002}{}% 1
\BOOKMARK [2][-]{subsection.1.1}{\376\377\000I\000n\000t\000r\000o\000d\000u\000z\000i\000o\000n\000e\000,\000\040\000s\000t\000r\000u\000t\000t\000u\000r\000a\000\040\000d\000e\000l\000\040\000c\000o\000r\000s\000o\000\040\000e\000\040\000r\000u\000o\000l\000o\000\040\000d\000e\000i\000\040\000s\000e\000n\000s\000o\000r\000i}{section.1}% 2
\BOOKMARK [2][-]{subsection.1.2}{\376\377\000S\000e\000n\000s\000o\000r\000i\000\040\000a\000t\000t\000i\000v\000i\000,\000\040\000p\000a\000s\000s\000i\000v\000i\000\040\000e\000\040\000d\000i\000s\000t\000i\000n\000z\000i\000o\000n\000e\000\040\000t\000r\000a\000\040\000s\000e\000n\000s\000o\000r\000e\000\040\000e\000\040\000t\000r\000a\000s\000d\000u\000t\000t\000o\000r\000e}{section.1}% 3
\BOOKMARK [2][-]{subsection.1.3}{\376\377\000S\000e\000n\000s\000o\000r\000i\000\040\000a\000s\000s\000o\000l\000u\000t\000i\000\040\000e\000\040\000r\000e\000l\000a\000t\000i\000v\000i\000.\000\040\000N\000a\000t\000u\000r\000a\000\040\000d\000e\000l\000l\040\031\000i\000n\000f\000o\000r\000m\000a\000z\000i\000o\000n\000e}{section.1}% 4
\BOOKMARK [2][-]{subsection.1.4}{\376\377\000C\000a\000m\000p\000i\000o\000n\000a\000m\000e\000n\000t\000o}{section.1}% 5
\BOOKMARK [2][-]{subsection.1.5}{\376\377\000Q\000u\000a\000n\000t\000i\000z\000z\000a\000z\000i\000o\000n\000e\000\040\000e\000\040\000c\000o\000n\000v\000e\000r\000s\000i\000o\000n\000e\000\040\000A\000/\000D}{section.1}% 6
\BOOKMARK [2][-]{subsection.1.6}{\376\377\000C\000a\000r\000a\000t\000t\000e\000r\000i\000s\000t\000i\000c\000a\000\040\000s\000t\000a\000t\000i\000c\000a\000\040\000i\000d\000e\000a\000l\000e\000\040\000e\000\040\000n\000o\000n\000\040\000l\000i\000n\000e\000a\000r\000i\000t\000\340}{section.1}% 7
\BOOKMARK [2][-]{subsection.1.7}{\376\377\000I\000s\000t\000e\000r\000e\000s\000i}{section.1}% 8
\BOOKMARK [2][-]{subsection.1.8}{\376\377\000D\000e\000a\000d\000-\000b\000a\000n\000d\000\040\000e\000\040\000s\000a\000t\000u\000r\000a\000z\000i\000o\000n\000e}{section.1}% 9
\BOOKMARK [2][-]{subsection.1.9}{\376\377\000S\000c\000h\000e\000m\000a\000\040\000s\000i\000n\000t\000e\000t\000i\000c\000o\000\040\000d\000e\000l\000l\000e\000\040\000n\000o\000n\000\040\000i\000d\000e\000a\000l\000i\000t\000\340\000\040\000d\000i\000\040\000m\000i\000s\000u\000r\000a}{section.1}% 10
\BOOKMARK [2][-]{subsection.1.10}{\376\377\000R\000u\000m\000o\000r\000e\000\040\000e\000\040\000s\000o\000r\000g\000e\000n\000t\000i\000\040\000f\000i\000s\000i\000c\000h\000e}{section.1}% 11
\BOOKMARK [2][-]{subsection.1.11}{\376\377\000R\000u\000m\000o\000r\000e\000\040\000d\000i\000\040\000q\000u\000a\000n\000t\000i\000z\000z\000a\000z\000i\000o\000n\000e\000,\000\040\000b\000i\000a\000n\000c\000o\000,\000\040\000g\000a\000u\000s\000s\000i\000a\000n\000o\000\040\000e\000\040\000c\000o\000l\000o\000r\000a\000t\000o}{section.1}% 12
\BOOKMARK [2][-]{subsection.1.12}{\376\377\000I\000s\000t\000o\000g\000r\000a\000m\000m\000a\000\040\000e\000\040\000s\000p\000e\000t\000t\000r\000o\000\040\000d\000e\000l\000\040\000r\000u\000m\000o\000r\000e}{section.1}% 13
\BOOKMARK [2][-]{subsection.1.13}{\376\377\000C\000a\000l\000i\000b\000r\000a\000z\000i\000o\000n\000e\000\040\000a\000f\000f\000i\000n\000e\000\040\000d\000i\000\040\000b\000a\000s\000e}{section.1}% 14
\BOOKMARK [2][-]{subsection.1.14}{\376\377\000C\000a\000l\000i\000b\000r\000a\000z\000i\000o\000n\000e\000\040\000d\000i\000\040\000I\000M\000U\000\040\000e\000\040\000l\000e\000t\000t\000u\000r\000a\000\040\000d\000e\000l\000l\000a\000\040\000n\000o\000i\000s\000e\000\040\000d\000e\000n\000s\000i\000t\000y}{section.1}% 15
\BOOKMARK [1][-]{section.2}{\376\377\000L\000e\000z\000i\000o\000n\000e\000\040\0003}{}% 16
\BOOKMARK [2][-]{subsection.2.1}{\376\377\000V\000i\000s\000i\000o\000n\000e\000\040\000g\000e\000n\000e\000r\000a\000l\000e\000\040\000d\000e\000l\000l\000a\000\040\000l\000e\000z\000i\000o\000n\000e}{section.2}% 17
\BOOKMARK [2][-]{subsection.2.2}{\376\377\000M\000o\000d\000e\000l\000l\000i\000\040\000p\000o\000l\000i\000n\000o\000m\000i\000a\000l\000i\000\040\000d\000i\000\040\000c\000a\000l\000i\000b\000r\000a\000z\000i\000o\000n\000e}{section.2}% 18
\BOOKMARK [2][-]{subsection.2.3}{\376\377\000S\000c\000e\000l\000t\000a\000\040\000d\000e\000l\000l\040\031\000o\000r\000d\000i\000n\000e\000\040\000d\000e\000l\000\040\000m\000o\000d\000e\000l\000l\000o}{section.2}% 19
\BOOKMARK [2][-]{subsection.2.4}{\376\377\000I\000n\000c\000e\000r\000t\000e\000z\000z\000a\000\040\000d\000e\000i\000\040\000p\000a\000r\000a\000m\000e\000t\000r\000i\000\040\000s\000t\000i\000m\000a\000t\000i}{section.2}% 20
\BOOKMARK [2][-]{subsection.2.5}{\376\377\000B\000i\000a\000s\000\040\000e\000\040\000r\000u\000m\000o\000r\000e\000\040\000d\000i\000\040\000m\000i\000s\000u\000r\000a}{section.2}% 21
\BOOKMARK [2][-]{subsection.2.6}{\376\377\000S\000t\000i\000m\000a\000\040\000d\000e\000l\000\040\000r\000u\000m\000o\000r\000e\000\040\000r\000e\000s\000i\000d\000u\000o}{section.2}% 22
\BOOKMARK [2][-]{subsection.2.7}{\376\377\000M\000o\000d\000e\000l\000l\000o\000\040\000f\000i\000n\000a\000l\000e\000\040\000d\000i\000\040\000c\000a\000l\000i\000b\000r\000a\000z\000i\000o\000n\000e}{section.2}% 23
\BOOKMARK [2][-]{subsection.2.8}{\376\377\000E\000s\000e\000m\000p\000i\000o\000\040\000i\000m\000p\000l\000e\000m\000e\000n\000t\000a\000t\000i\000v\000o}{section.2}% 24
\BOOKMARK [2][-]{subsection.2.9}{\376\377\000P\000r\000o\000c\000e\000d\000u\000r\000a\000\040\000p\000r\000a\000t\000i\000c\000a\000\040\000d\000i\000\040\000c\000a\000l\000i\000b\000r\000a\000z\000i\000o\000n\000e}{section.2}% 25
\BOOKMARK [1][-]{section.3}{\376\377\000L\000e\000z\000i\000o\000n\000e\000\040\0004}{}% 26
\BOOKMARK [2][-]{subsection.3.1}{\376\377\000V\000i\000s\000i\000o\000n\000e\000\040\000g\000e\000n\000e\000r\000a\000l\000e\000\040\000d\000e\000l\000l\000a\000\040\000l\000e\000z\000i\000o\000n\000e}{section.3}% 27
\BOOKMARK [2][-]{subsection.3.2}{\376\377\000C\000a\000r\000a\000t\000t\000e\000r\000i\000s\000t\000i\000c\000h\000e\000\040\000d\000i\000n\000a\000m\000i\000c\000h\000e\000\040\000d\000e\000i\000\040\000s\000e\000n\000s\000o\000r\000i}{section.3}% 28
\BOOKMARK [2][-]{subsection.3.3}{\376\377\000D\000i\000n\000a\000m\000i\000c\000a\000\040\000d\000e\000l\000\040\000s\000e\000n\000s\000o\000r\000e\000\040\000d\000e\000n\000t\000r\000o\000\040\000i\000l\000\040\000l\000o\000o\000p\000\040\000d\000i\000\040\000c\000o\000n\000t\000r\000o\000l\000l\000o}{section.3}% 29
\BOOKMARK [2][-]{subsection.3.4}{\376\377\000I\000d\000e\000n\000t\000i\000f\000i\000c\000a\000z\000i\000o\000n\000e\000\040\000s\000p\000e\000r\000i\000m\000e\000n\000t\000a\000l\000e\000\040\000d\000e\000l\000l\000a\000\040\000d\000i\000n\000a\000m\000i\000c\000a}{section.3}% 30
\BOOKMARK [2][-]{subsection.3.5}{\376\377\000A\000c\000c\000u\000r\000a\000t\000e\000z\000z\000a\000\040\000e\000\040\000p\000r\000e\000c\000i\000s\000i\000o\000n\000e}{section.3}% 31
\BOOKMARK [2][-]{subsection.3.6}{\376\377\000S\000e\000n\000s\000o\000r\000i\000\040\000d\000i\000\040\000p\000o\000s\000i\000z\000i\000o\000n\000e}{section.3}% 32
\BOOKMARK [3][-]{subsubsection.3.6.1}{\376\377\000P\000o\000t\000e\000n\000z\000i\000o\000m\000e\000t\000r\000i}{subsection.3.6}% 33
\BOOKMARK [3][-]{subsubsection.3.6.2}{\376\377\000E\000n\000c\000o\000d\000e\000r\000\040\000i\000n\000c\000r\000e\000m\000e\000n\000t\000a\000l\000i}{subsection.3.6}% 34
\BOOKMARK [1][-]{section.4}{\376\377\000L\000e\000z\000i\000o\000n\000e\000\040\0005}{}% 35
\BOOKMARK [2][-]{subsection.4.1}{\376\377\000V\000i\000s\000i\000o\000n\000e\000\040\000g\000e\000n\000e\000r\000a\000l\000e\000\040\000d\000e\000l\000l\000a\000\040\000l\000e\000z\000i\000o\000n\000e}{section.4}% 36
\BOOKMARK [2][-]{subsection.4.2}{\376\377\000E\000n\000c\000o\000d\000e\000r\000\040\000i\000n\000c\000r\000e\000m\000e\000n\000t\000a\000l\000i\000:\000\040\000s\000t\000r\000u\000t\000t\000u\000r\000a\000,\000\040\000d\000e\000c\000o\000d\000i\000f\000i\000c\000a\000\040\000e\000\040\000r\000i\000s\000o\000l\000u\000z\000i\000o\000n\000e}{section.4}% 37
\BOOKMARK [2][-]{subsection.4.3}{\376\377\000C\000o\000d\000i\000f\000i\000c\000h\000e\000\040\000X\0001\000,\000\040\000X\0002\000\040\000e\000\040\000X\0004\000\040\000d\000e\000g\000l\000i\000\040\000e\000n\000c\000o\000d\000e\000r\000\040\000i\000n\000c\000r\000e\000m\000e\000n\000t\000a\000l\000i}{section.4}% 38
\BOOKMARK [2][-]{subsection.4.4}{\376\377\000E\000n\000c\000o\000d\000e\000r\000\040\000o\000t\000t\000i\000c\000i\000\040\000i\000n\000c\000r\000e\000m\000e\000n\000t\000a\000l\000i\000\040\000e\000\040\000e\000n\000c\000o\000d\000e\000r\000\040\000a\000s\000s\000o\000l\000u\000t\000i}{section.4}% 39
\BOOKMARK [2][-]{subsection.4.5}{\376\377\000E\000n\000c\000o\000d\000e\000r\000\040\000o\000t\000t\000i\000c\000i\000\040\000l\000i\000n\000e\000a\000r\000i\000\040\000c\000o\000n\000\040\000i\000n\000t\000e\000r\000p\000o\000l\000a\000z\000i\000o\000n\000e}{section.4}% 40
\BOOKMARK [2][-]{subsection.4.6}{\376\377\000F\000r\000a\000n\000g\000e\000\040\000d\000i\000\040\000M\000o\000i\000r\000\351\000\040\000e\000\040\000a\000u\000m\000e\000n\000t\000o\000\040\000d\000e\000l\000l\000a\000\040\000r\000i\000l\000e\000v\000a\000b\000i\000l\000i\000t\000\340}{section.4}% 41
\BOOKMARK [2][-]{subsection.4.7}{\376\377\000L\000V\000D\000T\000:\000\040\000L\000i\000n\000e\000a\000r\000\040\000V\000a\000r\000i\000a\000b\000l\000e\000\040\000D\000i\000f\000f\000e\000r\000e\000n\000t\000i\000a\000l\000\040\000T\000r\000a\000n\000s\000f\000o\000r\000m\000e\000r}{section.4}% 42
\BOOKMARK [2][-]{subsection.4.8}{\376\377\000R\000V\000D\000T\000:\000\040\000R\000o\000t\000a\000r\000y\000\040\000V\000a\000r\000i\000a\000b\000l\000e\000\040\000D\000i\000f\000f\000e\000r\000e\000n\000t\000i\000a\000l\000\040\000T\000r\000a\000n\000s\000f\000o\000r\000m\000e\000r}{section.4}% 43
\BOOKMARK [2][-]{subsection.4.9}{\376\377\000R\000e\000s\000o\000l\000v\000e\000r}{section.4}% 44
\BOOKMARK [2][-]{subsection.4.10}{\376\377\000R\000e\000s\000o\000l\000v\000e\000r\000-\000t\000o\000-\000D\000i\000g\000i\000t\000a\000l\000\040\000C\000o\000n\000v\000e\000r\000t\000e\000r}{section.4}% 45
\BOOKMARK [1][-]{section.5}{\376\377\000L\000e\000z\000i\000o\000n\000e\000\040\0006}{}% 46
\BOOKMARK [2][-]{subsection.5.1}{\376\377\000V\000i\000s\000i\000o\000n\000e\000\040\000g\000e\000n\000e\000r\000a\000l\000e\000\040\000d\000e\000l\000l\000a\000\040\000l\000e\000z\000i\000o\000n\000e}{section.5}% 47
\BOOKMARK [2][-]{subsection.5.2}{\376\377\000R\000e\000s\000o\000l\000v\000e\000r\000\040\000c\000o\000n\000\040\000e\000\040\000s\000e\000n\000z\000a\000\040\000s\000l\000i\000p\000\040\000r\000i\000n\000g\000s}{section.5}% 48
\BOOKMARK [2][-]{subsection.5.3}{\376\377\000R\000e\000s\000o\000l\000v\000e\000r\000\040\000b\000r\000u\000s\000h\000l\000e\000s\000s\000\040\000e\000\040\000a\000c\000c\000o\000p\000p\000i\000a\000m\000e\000n\000t\000o\000\040\000m\000a\000g\000n\000e\000t\000i\000c\000o}{section.5}% 49
\BOOKMARK [2][-]{subsection.5.4}{\376\377\000S\000y\000n\000c\000h\000r\000o}{section.5}% 50
\BOOKMARK [2][-]{subsection.5.5}{\376\377\000E\000n\000c\000o\000d\000e\000r\000\040\000m\000a\000g\000n\000e\000t\000i\000c\000i}{section.5}% 51
\BOOKMARK [1][-]{section.6}{\376\377\000L\000e\000z\000i\000o\000n\000e\000\040\0007}{}% 52
\BOOKMARK [2][-]{subsection.6.1}{\376\377\000V\000i\000s\000i\000o\000n\000e\000\040\000g\000e\000n\000e\000r\000a\000l\000e\000\040\000d\000e\000l\000l\000a\000\040\000l\000e\000z\000i\000o\000n\000e}{section.6}% 53
\BOOKMARK [2][-]{subsection.6.2}{\376\377\000E\000n\000c\000o\000d\000e\000r\000\040\000m\000a\000g\000n\000e\000t\000i\000c\000i\000\040\000r\000e\000l\000a\000t\000i\000v\000i\000\040\000e\000\040\000s\000e\000n\000s\000o\000r\000i\000\040\000l\000i\000n\000e\000a\000r\000i\000\040\000m\000a\000g\000n\000e\000t\000i\000c\000i}{section.6}% 54
\BOOKMARK [2][-]{subsection.6.3}{\376\377\000S\000e\000n\000s\000o\000r\000i\000\040\000d\000i\000\040\000d\000i\000s\000t\000a\000n\000z\000a}{section.6}% 55
\BOOKMARK [2][-]{subsection.6.4}{\376\377\000S\000e\000n\000s\000o\000r\000i\000\040\000d\000i\000\040\000v\000e\000l\000o\000c\000i\000t\000a\000`\000:\000\040\000c\000l\000a\000s\000s\000i\000f\000i\000c\000a\000z\000i\000o\000n\000e\000\040\000e\000\040\000p\000r\000i\000n\000c\000i\000p\000i\000o\000\040\000e\000l\000e\000t\000t\000r\000o\000m\000a\000g\000n\000e\000t\000i\000c\000o\000\040\000d\000i\000\040\000b\000a\000s\000e}{section.6}% 56
\BOOKMARK [2][-]{subsection.6.5}{\376\377\000T\000a\000c\000h\000o\000g\000e\000n\000e\000r\000a\000t\000o\000r\000e\000\040\000D\000C}{section.6}% 57
\BOOKMARK [2][-]{subsection.6.6}{\376\377\000T\000a\000c\000h\000o\000g\000e\000n\000e\000r\000a\000t\000o\000r\000e\000\040\000A\000C}{section.6}% 58
\BOOKMARK [2][-]{subsection.6.7}{\376\377\000S\000t\000i\000m\000a\000\040\000d\000i\000\040\000v\000e\000l\000o\000c\000i\000t\000a\000`\000\040\000d\000a\000\040\000e\000n\000c\000o\000d\000e\000r\000:\000\040\000m\000e\000t\000o\000d\000o\000\040\000M}{section.6}% 59
\BOOKMARK [2][-]{subsection.6.8}{\376\377\000M\000e\000t\000o\000d\000o\000\040\000T\000\040\000e\000\040\000m\000e\000t\000o\000d\000o\000\040\000M\000/\000T}{section.6}% 60
\BOOKMARK [2][-]{subsection.6.9}{\376\377\000S\000t\000i\000m\000a\000\040\000f\000i\000l\000t\000r\000a\000t\000a\000\040\000d\000i\000\040\000p\000o\000s\000i\000z\000i\000o\000n\000e\000\040\000e\000\040\000v\000e\000l\000o\000c\000i\000t\000a\000`}{section.6}% 61
\BOOKMARK [1][-]{section.7}{\376\377\000L\000e\000z\000i\000o\000n\000e\000\040\0008}{}% 62
\BOOKMARK [2][-]{subsection.7.1}{\376\377\000V\000i\000s\000i\000o\000n\000e\000\040\000g\000e\000n\000e\000r\000a\000l\000e\000\040\000d\000e\000l\000l\000a\000\040\000l\000e\000z\000i\000o\000n\000e}{section.7}% 63
\BOOKMARK [2][-]{subsection.7.2}{\376\377\000M\000i\000s\000u\000r\000a\000\040\000d\000e\000l\000l\000a\000\040\000v\000e\000l\000o\000c\000i\000t\000a\000`\000\040\000p\000r\000o\000p\000r\000i\000a}{section.7}% 64
\BOOKMARK [2][-]{subsection.7.3}{\376\377\000O\000r\000i\000g\000i\000n\000e\000\040\000e\000\040\000r\000u\000o\000l\000o\000\040\000d\000e\000i\000\040\000g\000i\000r\000o\000s\000c\000o\000p\000i}{section.7}% 65
\BOOKMARK [2][-]{subsection.7.4}{\376\377\000I\000n\000e\000r\000z\000i\000a\000\040\000g\000i\000r\000o\000s\000c\000o\000p\000i\000c\000a}{section.7}% 66
\BOOKMARK [2][-]{subsection.7.5}{\376\377\000P\000r\000e\000c\000e\000s\000s\000i\000o\000n\000e\000:\000\040\000r\000u\000o\000t\000a\000\040\000a\000p\000p\000e\000s\000a\000\040\000e\000\040\000t\000r\000o\000t\000t\000o\000l\000a}{section.7}% 67
\BOOKMARK [2][-]{subsection.7.6}{\376\377\000A\000p\000p\000l\000i\000c\000a\000z\000i\000o\000n\000i\000\040\000a\000l\000l\000a\000\040\000n\000a\000v\000i\000g\000a\000z\000i\000o\000n\000e\000\040\000a\000e\000r\000e\000a}{section.7}% 68
\BOOKMARK [2][-]{subsection.7.7}{\376\377\000G\000i\000r\000o\000b\000u\000s\000s\000o\000l\000a\000\040\000e\000\040\000r\000i\000c\000e\000r\000c\000a\000\040\000d\000e\000l\000\040\000n\000o\000r\000d}{section.7}% 69
\BOOKMARK [2][-]{subsection.7.8}{\376\377\000M\000o\000d\000e\000l\000l\000o\000\040\000m\000a\000t\000e\000m\000a\000t\000i\000c\000o\000\040\000d\000e\000l\000\040\000g\000i\000r\000o\000s\000c\000o\000p\000i\000o}{section.7}% 70
\BOOKMARK [2][-]{subsection.7.9}{\376\377\000R\000a\000t\000e\000\040\000g\000y\000r\000o\000:\000\040\000g\000i\000r\000o\000s\000c\000o\000p\000i\000o\000\040\000p\000e\000r\000\040\000m\000i\000s\000u\000r\000a\000r\000e\000\040\000v\000e\000l\000o\000c\000i\000t\000a\000`\000\040\000a\000n\000g\000o\000l\000a\000r\000e}{section.7}% 71
\BOOKMARK [1][-]{section.8}{\376\377\000L\000e\000z\000i\000o\000n\000e\000\040\0009}{}% 72
\BOOKMARK [2][-]{subsection.8.1}{\376\377\000V\000i\000s\000i\000o\000n\000e\000\040\000g\000e\000n\000e\000r\000a\000l\000e\000\040\000d\000e\000l\000l\000a\000\040\000l\000e\000z\000i\000o\000n\000e}{section.8}% 73
\BOOKMARK [2][-]{subsection.8.2}{\376\377\000D\000i\000n\000a\000m\000i\000c\000a\000\040\000l\000i\000n\000e\000a\000r\000i\000z\000z\000a\000t\000a\000:\000\040\000p\000o\000l\000i\000\040\000e\000\040\000c\000o\000n\000i\000n\000g}{section.8}% 74
\BOOKMARK [2][-]{subsection.8.3}{\376\377\000R\000a\000t\000e\000\040\000g\000y\000r\000o\000\040\000c\000o\000n\000\040\000c\000o\000n\000t\000r\000o\000l\000l\000o\000\040\000e\000l\000e\000t\000t\000r\000o\000n\000i\000c\000o}{section.8}% 75
\BOOKMARK [2][-]{subsection.8.4}{\376\377\000E\000s\000e\000m\000p\000i\000\040\000d\000i\000\040\000g\000i\000r\000o\000b\000u\000s\000s\000o\000l\000a\000\040\000e\000\040\000t\000e\000c\000n\000o\000l\000o\000g\000i\000e\000\040\000m\000e\000c\000c\000a\000n\000i\000c\000h\000e}{section.8}% 76
\BOOKMARK [2][-]{subsection.8.5}{\376\377\000E\000f\000f\000e\000t\000t\000o\000\040\000S\000a\000g\000n\000a\000c\000:\000\040\000b\000a\000s\000e\000\040\000d\000e\000i\000\040\000g\000i\000r\000o\000s\000c\000o\000p\000i\000\040\000o\000t\000t\000i\000c\000i}{section.8}% 77
\BOOKMARK [2][-]{subsection.8.6}{\376\377\000F\000i\000b\000e\000r\000-\000O\000p\000t\000i\000c\000\040\000G\000y\000r\000o\000:\000\040\000m\000i\000s\000u\000r\000a\000\040\000d\000i\000\040\000f\000a\000s\000e}{section.8}% 78
\BOOKMARK [2][-]{subsection.8.7}{\376\377\000R\000i\000n\000g\000\040\000L\000a\000s\000e\000r\000\040\000G\000y\000r\000o\000:\000\040\000m\000i\000s\000u\000r\000a\000\040\000d\000i\000\040\000f\000r\000e\000q\000u\000e\000n\000z\000a}{section.8}% 79
\BOOKMARK [1][-]{section.9}{\376\377\000L\000e\000z\000i\000o\000n\000e\000\040\0001\0000}{}% 80
\BOOKMARK [2][-]{subsection.9.1}{\376\377\000V\000i\000s\000i\000o\000n\000e\000\040\000g\000e\000n\000e\000r\000a\000l\000e\000\040\000d\000e\000l\000l\000a\000\040\000l\000e\000z\000i\000o\000n\000e}{section.9}% 81
\BOOKMARK [2][-]{subsection.9.2}{\376\377\000G\000i\000r\000o\000s\000c\000o\000p\000i\000\040\000a\000\040\000e\000l\000e\000m\000e\000n\000t\000o\000\040\000v\000i\000b\000r\000a\000n\000t\000e}{section.9}% 82
\BOOKMARK [2][-]{subsection.9.3}{\376\377\000A\000t\000t\000u\000a\000z\000i\000o\000n\000e\000\040\000e\000\040\000l\000e\000t\000t\000u\000r\000a\000\040\000c\000a\000p\000a\000c\000i\000t\000i\000v\000a\000\040\000n\000e\000i\000\040\000M\000E\000M\000S}{section.9}% 83
\BOOKMARK [2][-]{subsection.9.4}{\376\377\000C\000o\000n\000f\000r\000o\000n\000t\000o\000\040\000t\000r\000a\000\040\000t\000e\000c\000n\000o\000l\000o\000g\000i\000e\000\040\000d\000i\000\040\000g\000i\000r\000o\000s\000c\000o\000p\000i}{section.9}% 84
\BOOKMARK [2][-]{subsection.9.5}{\376\377\000V\000e\000l\000o\000c\000i\000t\000a\000`\000\040\000l\000i\000n\000e\000a\000r\000e\000\040\000p\000r\000o\000p\000r\000i\000a\000:\000\040\000v\000e\000i\000c\000o\000l\000i\000\040\000t\000e\000r\000r\000e\000s\000t\000r\000i}{section.9}% 85
\BOOKMARK [2][-]{subsection.9.6}{\376\377\000V\000e\000l\000o\000c\000i\000t\000a\000`\000\040\000l\000i\000n\000e\000a\000r\000e\000\040\000i\000n\000\040\000a\000e\000r\000o\000n\000a\000u\000t\000i\000c\000a\000:\000\040\000a\000r\000i\000a\000,\000\040\000B\000e\000r\000n\000o\000u\000l\000l\000i\000\040\000e\000\040\000P\000i\000t\000o\000t}{section.9}% 86
\BOOKMARK [1][-]{section.10}{\376\377\000L\000e\000z\000i\000o\000n\000e\000\040\0001\0001}{}% 87
\BOOKMARK [2][-]{subsection.10.1}{\376\377\000V\000i\000s\000i\000o\000n\000e\000\040\000g\000e\000n\000e\000r\000a\000l\000e\000\040\000d\000e\000l\000l\000a\000\040\000l\000e\000z\000i\000o\000n\000e}{section.10}% 88
\BOOKMARK [2][-]{subsection.10.2}{\376\377\000V\000e\000l\000o\000c\000i\000t\000a\000`\000\040\000d\000a\000\040\000e\000f\000f\000e\000t\000t\000o\000\040\000D\000o\000p\000p\000l\000e\000r}{section.10}% 89
\BOOKMARK [2][-]{subsection.10.3}{\376\377\000A\000c\000c\000e\000l\000e\000r\000o\000m\000e\000t\000r\000i\000:\000\040\000p\000r\000i\000n\000c\000i\000p\000i\000o\000\040\000f\000i\000s\000i\000c\000o}{section.10}% 90
\BOOKMARK [2][-]{subsection.10.4}{\376\377\000T\000e\000c\000n\000o\000l\000o\000g\000i\000e\000\040\000d\000i\000\040\000a\000c\000c\000e\000l\000e\000r\000o\000m\000e\000t\000r\000i}{section.10}% 91
\BOOKMARK [1][-]{section.11}{\376\377\000L\000e\000z\000i\000o\000n\000e\000\040\0001\0002}{}% 92
\BOOKMARK [2][-]{subsection.11.1}{\376\377\000V\000i\000s\000i\000o\000n\000e\000\040\000g\000e\000n\000e\000r\000a\000l\000e\000\040\000d\000e\000l\000l\000a\000\040\000l\000e\000z\000i\000o\000n\000e}{section.11}% 93
\BOOKMARK [2][-]{subsection.11.2}{\376\377\000I\000n\000g\000r\000e\000s\000s\000o\000\040\000n\000e\000l\000\040\000b\000l\000o\000c\000c\000o\000\040\000s\000u\000g\000l\000i\000\040\000a\000t\000t\000u\000a\000t\000o\000r\000i}{section.11}% 94
\BOOKMARK [2][-]{subsection.11.3}{\376\377\000N\000o\000n\000\040\000l\000i\000n\000e\000a\000r\000i\000t\000a\000`\000\040\000s\000t\000a\000t\000i\000c\000h\000e\000:\000\040\000s\000a\000t\000u\000r\000a\000z\000i\000o\000n\000e\000,\000\040\000z\000o\000n\000a\000\040\000m\000o\000r\000t\000a\000,\000\040\000i\000s\000t\000e\000r\000e\000s\000i}{section.11}% 95
\BOOKMARK [2][-]{subsection.11.4}{\376\377\000V\000i\000n\000c\000o\000l\000i\000\040\000d\000i\000n\000a\000m\000i\000c\000i\000\040\000d\000e\000g\000l\000i\000\040\000a\000t\000t\000u\000a\000t\000o\000r\000i}{section.11}% 96
\BOOKMARK [2][-]{subsection.11.5}{\376\377\000E\000n\000e\000r\000g\000i\000a\000,\000\040\000r\000e\000n\000d\000i\000m\000e\000n\000t\000o\000\040\000e\000\040\000l\000i\000m\000i\000t\000i\000\040\000t\000e\000r\000m\000i\000c\000i}{section.11}% 97
\BOOKMARK [2][-]{subsection.11.6}{\376\377\000M\000o\000t\000o\000r\000e\000\040\000D\000C\000\040\000b\000r\000u\000s\000h\000e\000d\000:\000\040\000p\000r\000i\000n\000c\000i\000p\000i\000o\000\040\000f\000i\000s\000i\000c\000o\000\040\000e\000\040\000c\000o\000p\000p\000i\000a\000\040\000e\000l\000e\000m\000e\000n\000t\000a\000r\000e}{section.11}% 98
\BOOKMARK [1][-]{section.12}{\376\377\000L\000e\000z\000i\000o\000n\000e\000\040\0001\0003}{}% 99
\BOOKMARK [2][-]{subsection.12.1}{\376\377\000V\000i\000s\000i\000o\000n\000e\000\040\000g\000e\000n\000e\000r\000a\000l\000e\000\040\000d\000e\000l\000l\000a\000\040\000l\000e\000z\000i\000o\000n\000e}{section.12}% 100
\BOOKMARK [2][-]{subsection.12.2}{\376\377\000R\000i\000p\000p\000l\000e\000\040\000d\000i\000\040\000c\000o\000p\000p\000i\000a\000\040\000e\000\040\000r\000u\000o\000l\000o\000\040\000d\000i\000\040\000p\000i\000u\000`\000\040\000a\000v\000v\000o\000l\000g\000i\000m\000e\000n\000t\000i}{section.12}% 101
\BOOKMARK [2][-]{subsection.12.3}{\376\377\000B\000a\000c\000k\000-\000E\000M\000F\000:\000\040\000l\000a\000\040\000t\000e\000n\000s\000i\000o\000n\000e\000\040\000g\000e\000n\000e\000r\000a\000t\000a\000\040\000d\000a\000l\000l\000a\000\040\000r\000o\000t\000a\000z\000i\000o\000n\000e}{section.12}% 102
\BOOKMARK [2][-]{subsection.12.4}{\376\377\000M\000o\000d\000e\000l\000l\000o\000\040\000e\000l\000e\000t\000t\000r\000o\000m\000e\000c\000c\000a\000n\000i\000c\000o\000\040\000d\000e\000l\000\040\000m\000o\000t\000o\000r\000e\000\040\000D\000C}{section.12}% 103
\BOOKMARK [2][-]{subsection.12.5}{\376\377\000C\000o\000m\000p\000o\000r\000t\000a\000m\000e\000n\000t\000o\000\040\000a\000\040\000r\000e\000g\000i\000m\000e\000\040\000e\000\040\000c\000a\000r\000a\000t\000t\000e\000r\000i\000s\000t\000i\000c\000a\000\040\000c\000o\000p\000p\000i\000a\000-\000v\000e\000l\000o\000c\000i\000t\000a\000`}{section.12}% 104
\BOOKMARK [2][-]{subsection.12.6}{\376\377\000A\000s\000p\000e\000t\000t\000i\000\040\000t\000e\000r\000m\000i\000c\000i\000\040\000d\000e\000l\000\040\000m\000o\000t\000o\000r\000e\000\040\000D\000C}{section.12}% 105
\BOOKMARK [2][-]{subsection.12.7}{\376\377\000F\000u\000n\000z\000i\000o\000n\000e\000\040\000d\000i\000\040\000t\000r\000a\000s\000f\000e\000r\000i\000m\000e\000n\000t\000o\000\040\000d\000e\000l\000\040\000m\000o\000t\000o\000r\000e\000\040\000D\000C}{section.12}% 106
\BOOKMARK [2][-]{subsection.12.8}{\376\377\000I\000n\000t\000r\000o\000d\000u\000z\000i\000o\000n\000e\000\040\000a\000g\000l\000i\000\040\000s\000t\000e\000p\000p\000e\000r\000\040\000m\000o\000t\000o\000r}{section.12}% 107
\BOOKMARK [1][-]{section.13}{\376\377\000L\000e\000z\000i\000o\000n\000e\000\040\0001\0004}{}% 108
\BOOKMARK [2][-]{subsection.13.1}{\376\377\000V\000i\000s\000i\000o\000n\000e\000\040\000g\000e\000n\000e\000r\000a\000l\000e\000\040\000d\000e\000l\000l\000a\000\040\000l\000e\000z\000i\000o\000n\000e}{section.13}% 109
\BOOKMARK [2][-]{subsection.13.2}{\376\377\000S\000t\000e\000p\000p\000e\000r\000\040\000a\000\040\000r\000i\000l\000u\000t\000t\000a\000n\000z\000a\000\040\000v\000a\000r\000i\000a\000b\000i\000l\000e}{section.13}% 110
\BOOKMARK [2][-]{subsection.13.3}{\376\377\000R\000e\000g\000o\000l\000e\000\040\000g\000e\000o\000m\000e\000t\000r\000i\000c\000h\000e\000\040\000p\000e\000r\000\040\000i\000l\000\040\000p\000a\000s\000s\000o\000\040\000d\000e\000l\000\040\000V\000R\000\040\000s\000t\000e\000p\000p\000e\000r}{section.13}% 111
\BOOKMARK [2][-]{subsection.13.4}{\376\377\000S\000t\000e\000p\000p\000e\000r\000\040\000i\000b\000r\000i\000d\000o\000:\000\040\000c\000o\000s\000t\000r\000u\000z\000i\000o\000n\000e\000\040\000e\000\040\000m\000o\000t\000i\000v\000o\000\040\000d\000e\000l\000l\000a\000\040\000s\000u\000a\000\040\000d\000i\000f\000f\000u\000s\000i\000o\000n\000e}{section.13}% 112
\BOOKMARK [2][-]{subsection.13.5}{\376\377\000P\000r\000i\000n\000c\000i\000p\000i\000o\000\040\000d\000i\000\040\000f\000u\000n\000z\000i\000o\000n\000a\000m\000e\000n\000t\000o\000\040\000d\000e\000l\000l\000o\000\040\000s\000t\000e\000p\000p\000e\000r\000\040\000i\000b\000r\000i\000d\000o}{section.13}% 113
\BOOKMARK [2][-]{subsection.13.6}{\376\377\000P\000r\000o\000b\000l\000e\000m\000i\000\040\000p\000r\000a\000t\000i\000c\000i\000\040\000d\000e\000g\000l\000i\000\040\000s\000t\000e\000p\000p\000e\000r\000:\000\040\000p\000e\000r\000d\000i\000t\000a\000\040\000d\000i\000\040\000p\000a\000s\000s\000o\000\040\000e\000\040\000c\000o\000p\000p\000i\000a\000\040\000d\000i\000s\000p\000o\000n\000i\000b\000i\000l\000e}{section.13}% 114
\BOOKMARK [2][-]{subsection.13.7}{\376\377\000P\000u\000l\000l\000-\000i\000n\000,\000\040\000p\000u\000l\000l\000-\000o\000u\000t\000\040\000e\000\040\000l\000i\000m\000i\000t\000i\000\040\000d\000i\000n\000a\000m\000i\000c\000i\000\040\000d\000i\000\040\000c\000o\000p\000p\000i\000a}{section.13}% 115
\BOOKMARK [2][-]{subsection.13.8}{\376\377\000F\000u\000l\000l\000-\000s\000t\000e\000p\000,\000\040\000h\000a\000l\000f\000-\000s\000t\000e\000p\000,\000\040\000m\000i\000c\000r\000o\000s\000t\000e\000p\000p\000i\000n\000g\000\040\000e\000\040\000c\000o\000n\000f\000r\000o\000n\000t\000o\000\040\000t\000r\000a\000\040\000f\000a\000m\000i\000g\000l\000i\000e}{section.13}% 116
\BOOKMARK [2][-]{subsection.13.9}{\376\377\000M\000o\000t\000o\000r\000e\000\040\000B\000L\000D\000C\000:\000\040\000m\000o\000t\000i\000v\000a\000z\000i\000o\000n\000e\000\040\000e\000\040\000c\000o\000m\000p\000o\000n\000e\000n\000t\000i\000\040\000p\000r\000i\000n\000c\000i\000p\000a\000l\000i}{section.13}% 117
\BOOKMARK [2][-]{subsection.13.10}{\376\377\000E\000q\000u\000a\000z\000i\000o\000n\000i\000\040\000e\000l\000e\000t\000t\000r\000i\000c\000h\000e\000\040\000t\000r\000i\000f\000a\000s\000e\000\040\000e\000\040\000f\000l\000u\000s\000s\000i\000\040\000c\000o\000n\000c\000a\000t\000e\000n\000a\000t\000i}{section.13}% 118
\BOOKMARK [2][-]{subsection.13.11}{\376\377\000B\000a\000c\000k\000-\000E\000M\000F\000\040\000d\000i\000\040\000f\000a\000s\000e\000\040\000e\000\040\000m\000o\000d\000e\000l\000l\000o\000\040\000r\000i\000d\000o\000t\000t\000o}{section.13}% 119
\BOOKMARK [2][-]{subsection.13.12}{\376\377\000C\000o\000p\000p\000i\000a\000\040\000e\000l\000e\000t\000t\000r\000o\000m\000a\000g\000n\000e\000t\000i\000c\000a\000\040\000e\000\040\000d\000i\000n\000a\000m\000i\000c\000a\000\040\000m\000e\000c\000c\000a\000n\000i\000c\000a\000\040\000d\000e\000l\000\040\000B\000L\000D\000C}{section.13}% 120
\BOOKMARK [2][-]{subsection.13.13}{\376\377\000C\000o\000n\000t\000r\000o\000l\000l\000o\000\040\000B\000L\000D\000C\000\040\000e\000\040\000c\000o\000m\000m\000u\000t\000a\000z\000i\000o\000n\000e\000\040\000t\000r\000a\000p\000e\000z\000o\000i\000d\000a\000l\000e}{section.13}% 121
\BOOKMARK [2][-]{subsection.13.14}{\376\377\000S\000e\000n\000s\000o\000r\000i\000\040\000H\000a\000l\000l\000\040\000e\000\040\000d\000e\000c\000o\000d\000i\000f\000i\000c\000a\000\040\000d\000e\000i\000\040\000s\000e\000i\000\040\000s\000e\000t\000t\000o\000r\000i}{section.13}% 122
\BOOKMARK [1][-]{section.14}{\376\377\000L\000e\000z\000i\000o\000n\000e\000\040\0001\0005}{}% 123
\BOOKMARK [2][-]{subsection.14.1}{\376\377\000V\000i\000s\000i\000o\000n\000e\000\040\000g\000e\000n\000e\000r\000a\000l\000e\000\040\000d\000e\000l\000l\000a\000\040\000l\000e\000z\000i\000o\000n\000e}{section.14}% 124
\BOOKMARK [2][-]{subsection.14.2}{\376\377\000L\000i\000m\000i\000t\000e\000\040\000p\000r\000a\000t\000i\000c\000o\000\040\000d\000e\000l\000l\000a\000\040\000c\000o\000m\000m\000u\000t\000a\000z\000i\000o\000n\000e\000\040\000t\000r\000a\000p\000e\000z\000o\000i\000d\000a\000l\000e}{section.14}% 125
\BOOKMARK [2][-]{subsection.14.3}{\376\377\000C\000o\000n\000t\000r\000o\000l\000l\000o\000\040\000s\000i\000n\000u\000s\000o\000i\000d\000a\000l\000e\000\040\000d\000e\000l\000\040\000B\000L\000D\000C}{section.14}% 126
\BOOKMARK [2][-]{subsection.14.4}{\376\377\000T\000r\000a\000s\000f\000o\000r\000m\000a\000t\000a\000\040\000d\000i\000\040\000C\000l\000a\000r\000k\000e\000:\000\040\000d\000a\000\040\000a\000b\000c\000\040\000a\000d\000\040\000a\000l\000p\000h\000a\000-\000b\000e\000t\000a}{section.14}% 127
\BOOKMARK [2][-]{subsection.14.5}{\376\377\000T\000r\000a\000s\000f\000o\000r\000m\000a\000t\000a\000\040\000d\000i\000\040\000P\000a\000r\000k\000:\000\040\000d\000a\000\040\000a\000l\000p\000h\000a\000-\000b\000e\000t\000a\000\040\000a\000\040\000d\000q}{section.14}% 128
\BOOKMARK [2][-]{subsection.14.6}{\376\377\000C\000o\000p\000p\000i\000a\000\040\000e\000l\000e\000t\000t\000r\000o\000m\000a\000g\000n\000e\000t\000i\000c\000a\000\040\000n\000e\000l\000\040\000r\000i\000f\000e\000r\000i\000m\000e\000n\000t\000o\000\040\000d\000q}{section.14}% 129
\BOOKMARK [2][-]{subsection.14.7}{\376\377\000C\000a\000t\000e\000n\000a\000\040\000d\000e\000l\000\040\000F\000i\000e\000l\000d\000\040\000O\000r\000i\000e\000n\000t\000e\000d\000\040\000C\000o\000n\000t\000r\000o\000l}{section.14}% 130
\BOOKMARK [2][-]{subsection.14.8}{\376\377\000M\000i\000s\000u\000r\000a\000\040\000d\000e\000l\000l\000'\000a\000n\000g\000o\000l\000o\000\040\000e\000l\000e\000t\000t\000r\000i\000c\000o\000\040\000e\000\040\000f\000a\000m\000i\000g\000l\000i\000e\000\040\000c\000o\000s\000t\000r\000u\000t\000t\000i\000v\000e}{section.14}% 131
\BOOKMARK [2][-]{subsection.14.9}{\376\377\000D\000r\000i\000v\000e\000r\000\040\000p\000e\000r\000\040\000m\000o\000t\000o\000r\000i\000\040\000e\000l\000e\000t\000t\000r\000i\000c\000i}{section.14}% 132
\BOOKMARK [2][-]{subsection.14.10}{\376\377\000P\000i\000l\000o\000t\000a\000g\000g\000i\000o\000\040\000d\000e\000l\000\040\000m\000o\000t\000o\000r\000e\000\040\000D\000C\000\040\000b\000r\000u\000s\000h\000e\000d}{section.14}% 133
\BOOKMARK [2][-]{subsection.14.11}{\376\377\000P\000o\000n\000t\000e\000\040\000H\000:\000\040\000s\000e\000g\000n\000o\000\040\000d\000e\000l\000l\000a\000\040\000t\000e\000n\000s\000i\000o\000n\000e\000,\000\040\000f\000r\000e\000n\000a\000t\000u\000r\000a\000\040\000e\000\040\000r\000u\000o\000t\000a\000\040\000l\000i\000b\000e\000r\000a}{section.14}% 134
\BOOKMARK [2][-]{subsection.14.12}{\376\377\000P\000W\000M\000:\000\040\000t\000e\000n\000s\000i\000o\000n\000e\000\040\000m\000e\000d\000i\000a\000\040\000t\000r\000a\000m\000i\000t\000e\000\040\000c\000o\000m\000m\000u\000t\000a\000z\000i\000o\000n\000e\000\040\000r\000a\000p\000i\000d\000a}{section.14}% 135
\BOOKMARK [1][-]{section*.234}{\376\377\000A\000p\000p\000e\000n\000d\000i\000c\000e}{}% 136
\BOOKMARK [2][-]{section*.235}{\376\377\000F\000o\000r\000m\000u\000l\000a\000r\000i\000o\000\040\000s\000i\000n\000t\000e\000t\000i\000c\000o}{section*.234}% 137
\BOOKMARK [2][-]{section*.236}{\376\377\000C\000o\000n\000f\000r\000o\000n\000t\000o\000\040\000r\000a\000p\000i\000d\000o\000\040\000d\000e\000i\000\040\000s\000e\000n\000s\000o\000r\000i\000\040\000d\000i\000\040\000p\000o\000s\000i\000z\000i\000o\000n\000e}{section*.234}% 138
\BOOKMARK [2][-]{section*.237}{\376\377\000C\000o\000n\000f\000r\000o\000n\000t\000o\000\040\000r\000a\000p\000i\000d\000o\000\040\000d\000i\000\040\000s\000e\000n\000s\000o\000r\000i\000\040\000e\000\040\000m\000e\000t\000o\000d\000i\000\040\000p\000e\000r\000\040\000v\000e\000l\000o\000c\000i\000t\000a\000`\000,\000\040\000d\000i\000s\000t\000a\000n\000z\000a\000\040\000e\000\040\000a\000c\000c\000e\000l\000e\000r\000a\000z\000i\000o\000n\000e}{section*.234}% 139
\BOOKMARK [2][-]{section*.238}{\376\377\000R\000i\000f\000e\000r\000i\000m\000e\000n\000t\000o\000\040\000a\000l\000\040\000m\000a\000t\000e\000r\000i\000a\000l\000e\000\040\000o\000r\000i\000g\000i\000n\000a\000l\000e}{section*.234}% 140
